Mode: DRY RUN (no writes)

(node:57283) [DEP0040] DeprecationWarning: The `punycode` module is deprecated. Please use a userland alternative instead.
(Use `node --trace-deprecation ...` to show where the warning was created)
Legacy FAQ DB schema:
  State Code field: "State Code" (rich_text)
  Question field:   "Question" (rich_text)
  Answer field:     "Answer" (rich_text)
  Status field:     "Status" (select)

Loaded 246 verified legacy FAQ entries


========================================================================
=== Michigan (12 entries → after dedupe: 10) ===
========================================================================
Source keys: "michigan"=12

Final JSON (will be written verbatim — single line on apply):
[
  {
    "q": "Who submits my certificate in Michigan?",
    "a": "Your course provider notifies the Michigan Secretary of State electronically, typically within 1–2 business days of completion. You will also receive a certificate by mail, but you do not need to submit it anywhere yourself — the school handles state reporting."
  },
  {
    "q": "Does Michigan traffic school dismiss my ticket?",
    "a": "Michigan’s Basic Driver Improvement Course (BDIC) does not dismiss your ticket. Instead, it allows eligible drivers to avoid points being added to their record for the cited violation. You must receive an eligibility notice from the Michigan Secretary of State (SOS) before you can enroll — you cannot self-select into the program."
  },
  {
    "q": "How often can I take the Michigan BDIC?",
    "a": "Eligibility is controlled by the Michigan SOS, which mails a notification when you qualify. You must complete the course within 60 days of receiving the eligibility letter. You cannot enroll without this notification."
  },
  {
    "q": "Can I do Michigan BDIC online?",
    "a": "Yes. Michigan Secretary of State-approved online BDIC courses are available."
  },
  {
    "q": "How long is the Michigan BDIC?",
    "a": "The Michigan BDIC is a minimum of 4 hours. Courses cannot legally charge more than $100."
  },
  {
    "q": "Can I do Michigan driver improvement online?",
    "a": "Yes. Michigan SOS-approved BDIC courses are available fully online, accessible 24/7 from any internet-connected device."
  },
  {
    "q": "How long is Michigan driver improvement?",
    "a": "The Michigan BDIC is a minimum of 4 hours. All SOS-approved providers use the same 4-hour minimum."
  },
  {
    "q": "How often can I do Michigan driver improvement?",
    "a": "Michigan's BDIC benefit is available only ONCE IN A LIFETIME — not on a periodic cooldown cycle. Once you have used it, you cannot use it again for any future ticket."
  },
  {
    "q": "How long is Michigan traffic school?",
    "a": "Michigan's Driver Improvement Program requires 8 hours of instruction. This applies to all approved formats, including online courses."
  },
  {
    "q": "Can I do Michigan traffic school online?",
    "a": "Yes. Online driver improvement courses are fully approved in Michigan. You can complete the course from home through a state-approved provider."
  }
]

Dropped 2 entries (exact-question dedupe):

  DROPPED → matched kept entry #1:
    kept    q: "Who submits my certificate in Michigan?"
    kept    a (first 160 chars): "Your course provider notifies the Michigan Secretary of State electronically, typically within 1–2 business days of completion. You will also receive a certific"…
    dropped q: "Who submits my certificate in Michigan?"
    dropped a (first 160 chars): "Your provider reports completion to the Michigan SOS within one business day. For court-based dismissal, you receive a downloadable certificate to present to th"…

  DROPPED → matched kept entry #2:
    kept    q: "Does Michigan traffic school dismiss my ticket?"
    kept    a (first 160 chars): "Michigan’s Basic Driver Improvement Course (BDIC) does not dismiss your ticket. Instead, it allows eligible drivers to avoid points being added to their record "…
    dropped q: "Does Michigan traffic school dismiss my ticket?"
    dropped a (first 160 chars): "Michigan's BDIC prevents points from being added to your record and prevents the ticket from being reported to your insurer. Some courts also allow outright dis"…

========================================================================
=== Indiana (10 entries → after dedupe: 8) ===
========================================================================
Source keys: "indiana"=10

Final JSON (will be written verbatim — single line on apply):
[
  {
    "q": "Does Indiana traffic school dismiss my ticket?",
    "a": "No. Indiana’s Basic Driver Improvement Course (BDIC) does not dismiss your ticket. Instead, it applies a 4-point credit to your official driving record, which can prevent license suspension and lower insurance rates. You must receive an eligibility notice from the Indiana BMV before enrolling."
  },
  {
    "q": "Who submits my certificate in Indiana?",
    "a": "Your course provider reports completion directly to the Indiana BMV. You must complete the course within 90 days of your eligibility notification or your driving privileges may be suspended."
  },
  {
    "q": "How long is the Indiana BDIC?",
    "a": "The Indiana Basic Driver Improvement Course is a minimum of 4 hours, available in classroom, DVD, or online format."
  },
  {
    "q": "How often can I take the Indiana BDIC?",
    "a": "Eligibility is controlled by the Indiana BMV, which sends a notification when you qualify. You must wait for an eligibility letter from the BMV before you can enroll — you cannot self-select into the program. Drivers under 21 may be required to take it if convicted of two or more traffic offenses within 12 months."
  },
  {
    "q": "Can I do Indiana BDIC online?",
    "a": "Yes. BMV-approved online BDIC courses are available. The course is also available in classroom and DVD format."
  },
  {
    "q": "How long is Indiana traffic school?",
    "a": "The Indiana DSP is a minimum of 4 hours. All BMV-approved providers use the same curriculum and the same 4-hour minimum regardless of format."
  },
  {
    "q": "How often can I do Indiana traffic school?",
    "a": "The 4-point credit may only be applied once every three years. Completing an additional course extends the credit period by three years from the new completion date."
  },
  {
    "q": "Can I do Indiana traffic school online?",
    "a": "Yes. The Indiana BMV approves online, classroom, and DVD formats. Online courses are 100% self-paced and fully accepted."
  }
]

Dropped 2 entries (exact-question dedupe):

  DROPPED → matched kept entry #1:
    kept    q: "Does Indiana traffic school dismiss my ticket?"
    kept    a (first 160 chars): "No. Indiana’s Basic Driver Improvement Course (BDIC) does not dismiss your ticket. Instead, it applies a 4-point credit to your official driving record, which c"…
    dropped q: "Does Indiana traffic school dismiss my ticket?"
    dropped a (first 160 chars): "Indiana does not dismiss tickets. Completing the DSP provides a 4-point credit on your driving record but the ticket and conviction remain."

  DROPPED → matched kept entry #2:
    kept    q: "Who submits my certificate in Indiana?"
    kept    a (first 160 chars): "Your course provider reports completion directly to the Indiana BMV. You must complete the course within 90 days of your eligibility notification or your drivin"…
    dropped q: "Who submits my certificate in Indiana?"
    dropped a (first 160 chars): "Your provider submits completion results to the Indiana BMV electronically on your behalf. Allow 7–10 business days for the credit to appear on your record."

========================================================================
=== Colorado (10 entries → after dedupe: 9) ===
========================================================================
Source keys: "colorado"=10

Final JSON (will be written verbatim — single line on apply):
[
  {
    "q": "Who submits my certificate in Colorado?",
    "a": "The court will provide submission instructions when approving your participation. Typically the driver submits the certificate to the court by the deadline provided."
  },
  {
    "q": "Does Colorado defensive driving dismiss my ticket?",
    "a": "Colorado has no statewide ticket dismissal program — it is entirely at individual court discretion. If approved by your court, completing a defensive driving course can dismiss your ticket, avoid points, or remove existing points. Contact your court first to determine eligibility."
  },
  {
    "q": "How often can I use Colorado defensive driving for ticket dismissal?",
    "a": "No statewide standard — determined by the individual court handling your case."
  },
  {
    "q": "How long is a Colorado defensive driving course?",
    "a": "Course length is determined by the individual court. The court will provide specific requirements if you are approved for ticket dismissal. Voluntary courses have timelines set by the provider."
  },
  {
    "q": "Can I do Colorado defensive driving online?",
    "a": "Yes — both online and classroom options are available. The court determines whether an online course is acceptable for your case. Confirm with your court before enrolling online."
  },
  {
    "q": "Can I do Colorado traffic school online?",
    "a": "Yes. Online Colorado traffic school courses are accepted by courts that allow ticket dismissal. Confirm with your specific court before enrolling."
  },
  {
    "q": "How often can I do Colorado traffic school?",
    "a": "Ticket dismissal via traffic school is generally available once every 18 months in Colorado. Individual courts may set their own rules."
  },
  {
    "q": "Does Colorado traffic school dismiss my ticket?",
    "a": "Colorado has no statewide ticket dismissal program. Dismissal is court-by-court. With court permission you may be able to dismiss your ticket or prevent points from being added. Colorado does NOT offer a statewide point reduction option via traffic school."
  },
  {
    "q": "How long is Colorado traffic school?",
    "a": "Colorado defensive driving courses are 8 hours for the standard driver improvement program. Some shorter court-accepted courses take 4–6 hours."
  }
]

Dropped 1 entry (exact-question dedupe):

  DROPPED → matched kept entry #1:
    kept    q: "Who submits my certificate in Colorado?"
    kept    a (first 160 chars): "The court will provide submission instructions when approving your participation. Typically the driver submits the certificate to the court by the deadline prov"…
    dropped q: "Who submits my certificate in Colorado?"
    dropped a (first 160 chars): "Driver submits certificate to court. Your provider emails you the certificate; you must deliver it to your court by the deadline. Some courts also accept electr"…

========================================================================
=== New York (9 entries → after dedupe: 9) ===
========================================================================
Source keys: "new-york"=5, "new york"=4

Final JSON (will be written verbatim — single line on apply):
[
  {
    "q": "How long is New York PIRP?",
    "a": "The course is 6 hours (320 minutes), which is the state minimum. It can be completed online at your own pace but must be finished within 30 days of registration."
  },
  {
    "q": "How often can I take New York PIRP?",
    "a": "Once every 18 months for the point-reduction benefit. You can retake it every 3 years to renew your 10% insurance discount. Note: only violations from the 18 months prior to course completion are eligible for the point reduction."
  },
  {
    "q": "Does New York defensive driving dismiss my ticket?",
    "a": "No. New York's Point and Insurance Reduction Program (PIRP) does not dismiss tickets or remove violations from your driving record. It reduces your active point total by up to 4 points and earns a mandatory 10% auto insurance discount for 3 years — but the underlying ticket remains."
  },
  {
    "q": "Who submits my PIRP certificate in New York?",
    "a": "Your school reports completion electronically to the NY DMV, which automatically applies the point reduction to your record. You are responsible for submitting the certificate to your insurance company yourself to receive the 10% discount."
  },
  {
    "q": "Can I do New York PIRP online?",
    "a": "Yes. NY DMV-approved online PIRP courses are accepted statewide. The course is not court-ordered — any licensed NY driver can take it voluntarily at any time to earn point reduction and insurance benefits."
  },
  {
    "q": "How long is New York traffic school?",
    "a": "New York's Point and Insurance Reduction Program (PIRP) is a 6-hour course. This applies to all approved formats including fully online courses."
  },
  {
    "q": "How often can I do New York traffic school?",
    "a": "You can take New York's PIRP once every 18 months. The 18-month period begins from the completion date of your most recent PIRP course."
  },
  {
    "q": "Does New York traffic school dismiss my ticket?",
    "a": "No. New York's PIRP does not dismiss your ticket — the conviction still appears on your driving record. However, completing PIRP reduces 4 points from your DMV driving record abstract and qualifies you for a 10% insurance discount for 3 years. Think of it as damage control rather than erasure."
  },
  {
    "q": "Can I do New York traffic school online?",
    "a": "Yes. New York's PIRP is available fully online through DMV-approved providers. You can complete the course at your own pace from any device."
  }
]

========================================================================
=== Washington (9 entries → after dedupe: 8) ===
========================================================================
Source keys: "washington"=9

Final JSON (will be written verbatim — single line on apply):
[
  {
    "q": "Can I do Washington defensive driving online?",
    "a": "Yes. Washington-approved online defensive driving courses are available (including from iDriveSafely and others). Ensure your course is approved for Washington deferred finding before enrolling."
  },
  {
    "q": "Does Washington defensive driving dismiss my ticket?",
    "a": "Washington does not dismiss tickets. Instead it offers a deferral — the court does not report the ticket to the DOL, so it does not appear on your driving record or reach your insurer. You must plead no contest and request deferral before your appearance date."
  },
  {
    "q": "How often can I use Washington’s deferred finding program?",
    "a": "Once every 7 years. You may only defer a traffic ticket once in any 7-year period. You must also not have any other citations pending at the time of requesting deferral."
  },
  {
    "q": "How long is a Washington defensive driving course?",
    "a": "The standard Washington Level 1 defensive driving course is 4 hours, designed for most minor moving violations. A Level 2 course is available for more serious violations."
  },
  {
    "q": "Who submits my certificate in Washington?",
    "a": "The driver submits the completion certificate to the court by the deadline the court sets (typically 60 days). Most courts do not grant extensions, so complete the course promptly."
  },
  {
    "q": "Can I do Washington traffic school online?",
    "a": "Yes. Washington DOL-approved online courses are accepted for both Level 1 and Level 2 deferral requirements."
  },
  {
    "q": "How long is Washington traffic school?",
    "a": "Level 1 (first-time minor offenders): 4 hours. Level 2 (habitual or serious violators, court-ordered): 8 hours."
  },
  {
    "q": "How often can I do Washington traffic school?",
    "a": "Once every 7 years. You must not have deferred a ticket within the past 7 years and must not have any other citations pending."
  }
]

Dropped 1 entry (exact-question dedupe):

  DROPPED → matched kept entry #5:
    kept    q: "Who submits my certificate in Washington?"
    kept    a (first 160 chars): "The driver submits the completion certificate to the court by the deadline the court sets (typically 60 days). Most courts do not grant extensions, so complete "…
    dropped q: "Who submits my certificate in Washington?"
    dropped a (first 160 chars): "Driver submits. After completing the course you receive a paper certificate that must be mailed or hand-delivered to your court. The court then processes the de"…

========================================================================
=== Georgia (9 entries → after dedupe: 8) ===
========================================================================
Source keys: "georgia"=9

Final JSON (will be written verbatim — single line on apply):
[
  {
    "q": "How often can I do Georgia defensive driving?",
    "a": "You can take a Georgia defensive driving course at any time, but the point reduction benefit is only available once every 5 years. Subsequent courses within that 5-year window do not remove additional points."
  },
  {
    "q": "How long is Georgia defensive driving?",
    "a": "The approved course is 6 hours."
  },
  {
    "q": "Can I do Georgia defensive driving online?",
    "a": "Yes. Georgia DDS-approved online defensive driving courses are accepted statewide."
  },
  {
    "q": "Who submits my certificate in Georgia?",
    "a": "You submit your certificate of completion to the Georgia DDS. Once processed, the point reduction is automatically applied to your driving record."
  },
  {
    "q": "Does Georgia defensive driving dismiss my ticket?",
    "a": "No. Georgia's approved course reduces your active points by up to 7 points and may qualify you for an insurance discount, but it does not dismiss the ticket or remove the conviction from your record."
  },
  {
    "q": "Does Georgia traffic school dismiss my ticket?",
    "a": "Yes. Georgia allows you to mask a traffic conviction and reduce up to 7 points from your driving record by completing a DDS-approved defensive driving course. This benefit is available once every 5 years."
  },
  {
    "q": "Can I do Georgia traffic school online?",
    "a": "Yes. DDS-approved online defensive driving courses are available in Georgia. You can complete the course entirely online from home through a state-approved provider."
  },
  {
    "q": "How long is Georgia traffic school?",
    "a": "Georgia requires a minimum of 6 hours for a DDS-approved defensive driving course. Both online and in-person formats are available at this length."
  }
]

Dropped 1 entry (exact-question dedupe):

  DROPPED → matched kept entry #8:
    kept    q: "How long is Georgia traffic school?"
    kept    a (first 160 chars): "Georgia requires a minimum of 6 hours for a DDS-approved defensive driving course. Both online and in-person formats are available at this length."
    dropped q: "How long is Georgia traffic school?"
    dropped a (first 160 chars): "Georgia's DDS allows you to use the defensive driving point reduction benefit once every 5 years. If you received a 7-point reduction less than 5 years ago, you"…

========================================================================
=== Tennessee (8 entries → after dedupe: 5) ===
========================================================================
Source keys: "tennessee"=8

Final JSON (will be written verbatim — single line on apply):
[
  {
    "q": "Does Tennessee traffic school dismiss my ticket?",
    "a": "Yes. With court approval, completing a 4-hour TDOS-approved traffic school course dismisses the ticket — it will not appear on your driving record and no points are assessed. Court must give permission first."
  },
  {
    "q": "Can I do Tennessee traffic school online?",
    "a": "Yes. Tennessee TDOS-approved traffic school courses are available fully online and accepted by courts for ticket dismissal."
  },
  {
    "q": "How long is Tennessee traffic school?",
    "a": "The Tennessee TDOS-approved driver education course (traffic school) is 4 hours. A separate 8-hour defensive driving course also exists for more serious situations and court orders."
  },
  {
    "q": "How often can I do Tennessee traffic school?",
    "a": "For ticket dismissal: no specific state cooldown — court sets rules. For DPS point reduction: once every 4 years. You must complete the course within 90 days of the conviction date to be eligible for point reduction."
  },
  {
    "q": "Who submits my certificate in Tennessee?",
    "a": "Driver submits. You download or receive your certificate by email after completion and submit it to your court by the deadline. Providers do not auto-submit to the court in Tennessee."
  }
]

Dropped 3 entries (exact-question dedupe):

  DROPPED → matched kept entry #3:
    kept    q: "How long is Tennessee traffic school?"
    kept    a (first 160 chars): "The Tennessee TDOS-approved driver education course (traffic school) is 4 hours. A separate 8-hour defensive driving course also exists for more serious situati"…
    dropped q: "How long is Tennessee traffic school?"
    dropped a (first 160 chars): "Tennessee requires 8 hours for a TDOS-approved defensive driving course. Online courses must meet this minimum to qualify for ticket dismissal or point reductio"…

  DROPPED → matched kept entry #1:
    kept    q: "Does Tennessee traffic school dismiss my ticket?"
    kept    a (first 160 chars): "Yes. With court approval, completing a 4-hour TDOS-approved traffic school course dismisses the ticket — it will not appear on your driving record and no points"…
    dropped q: "Does Tennessee traffic school dismiss my ticket?"
    dropped a (first 160 chars): "Yes. Tennessee courts accept TDOS-approved defensive driving course completion for both ticket dismissal and point reduction on your driving record. The course "…

  DROPPED → matched kept entry #2:
    kept    q: "Can I do Tennessee traffic school online?"
    kept    a (first 160 chars): "Yes. Tennessee TDOS-approved traffic school courses are available fully online and accepted by courts for ticket dismissal."
    dropped q: "Can I do Tennessee traffic school online?"
    dropped a (first 160 chars): "Yes. TDOS-approved online defensive driving courses are available in Tennessee. You can complete the full 8-hour course online at your own pace."

========================================================================
=== Louisiana (8 entries → after dedupe: 7) ===
========================================================================
Source keys: "louisiana"=8

Final JSON (will be written verbatim — single line on apply):
[
  {
    "q": "How often can I use Louisiana defensive driving?",
    "a": "A Louisiana traffic school certificate can only be used once within a two-year period to dismiss a charge from your driving record."
  },
  {
    "q": "Can I do Louisiana defensive driving online?",
    "a": "Yes. Louisiana defensive driving courses are available fully online statewide and are accepted by most courts for ticket dismissal and by insurers for the 10% discount."
  },
  {
    "q": "How long is Louisiana defensive driving?",
    "a": "Louisiana defensive driving courses range from 4 to 6 hours depending on the provider and court requirement. The OMV states courses may take anywhere from 4 to 12 hours; most courts require 6 hours for dismissal."
  },
  {
    "q": "Who submits my certificate in Louisiana?",
    "a": "You receive your completion certificate from your provider (by email or print) and submit it to the court yourself. Submission method varies by court — confirm with your specific parish court."
  },
  {
    "q": "Does Louisiana traffic school dismiss my ticket?",
    "a": "Louisiana has no statewide ticket dismissal program. Dismissal is court-by-court under Louisiana Code of Criminal Procedure Article 892.1, which allows courts to dismiss Title 32 moving violation misdemeanors. Louisiana has no point system."
  },
  {
    "q": "How long is Louisiana traffic school?",
    "a": "Louisiana requires a minimum of 6 hours for a state-approved defensive driving course. Online and in-person formats both qualify at this length."
  },
  {
    "q": "Can I do Louisiana traffic school online?",
    "a": "Yes. Louisiana OMV-approved online courses are available statewide. Online is the most convenient option because the school reports your completion directly to the OMV without any action required from you."
  }
]

Dropped 1 entry (exact-question dedupe):

  DROPPED → matched kept entry #5:
    kept    q: "Does Louisiana traffic school dismiss my ticket?"
    kept    a (first 160 chars): "Louisiana has no statewide ticket dismissal program. Dismissal is court-by-court under Louisiana Code of Criminal Procedure Article 892.1, which allows courts t"…
    dropped q: "Does Louisiana traffic school dismiss my ticket?"
    dropped a (first 160 chars): "Yes. Louisiana has a statewide defensive driving program that can dismiss your ticket and remove up to 3 points from your driving record. The school submits you"…

========================================================================
=== Wisconsin (8 entries → after dedupe: 5) ===
========================================================================
Source keys: "wisconsin"=8

Final JSON (will be written verbatim — single line on apply):
[
  {
    "q": "Who submits my certificate in Wisconsin?",
    "a": "For the DMV-mandated Failure to Yield course, your provider submits completion electronically to the Wisconsin DMV. For general traffic school ticket dismissal, you receive a certificate and submit it to your court directly."
  },
  {
    "q": "How long is Wisconsin traffic school?",
    "a": "The Wisconsin Failure to Yield course is 2 hours (state-mandated). General traffic school for ticket dismissal is typically 4 hours, depending on the court's requirements."
  },
  {
    "q": "How often can I do Wisconsin traffic school?",
    "a": "No fixed statewide cooldown for general ticket dismissal — each court sets its own rules. For the DMV-mandated Failure to Yield course, this is a one-time requirement triggered by conviction."
  },
  {
    "q": "Can I do Wisconsin traffic school online?",
    "a": "Yes. Online courses are accepted in Wisconsin for both the Failure to Yield requirement and general traffic school ticket dismissal."
  },
  {
    "q": "Does Wisconsin traffic school dismiss my ticket?",
    "a": "Court-by-court for most violations. The Wisconsin DOT also mandates a specific Failure to Yield course for drivers convicted of that violation. For other minor violations, contact your court to confirm eligibility and get permission before enrolling."
  }
]

Dropped 3 entries (exact-question dedupe):

  DROPPED → matched kept entry #4:
    kept    q: "Can I do Wisconsin traffic school online?"
    kept    a (first 160 chars): "Yes. Online courses are accepted in Wisconsin for both the Failure to Yield requirement and general traffic school ticket dismissal."
    dropped q: "Can I do Wisconsin traffic school online?"
    dropped a (first 160 chars): "Yes. Online defensive driving courses are approved in Wisconsin. Drivers can complete their course entirely online from home through a state-approved provider."

  DROPPED → matched kept entry #5:
    kept    q: "Does Wisconsin traffic school dismiss my ticket?"
    kept    a (first 160 chars): "Court-by-court for most violations. The Wisconsin DOT also mandates a specific Failure to Yield course for drivers convicted of that violation. For other minor "…
    dropped q: "Does Wisconsin traffic school dismiss my ticket?"
    dropped a (first 160 chars): "No. Wisconsin does not offer statewide ticket dismissal via defensive driving. Completing an approved course qualifies you for an insurance discount but does no"…

  DROPPED → matched kept entry #2:
    kept    q: "How long is Wisconsin traffic school?"
    kept    a (first 160 chars): "The Wisconsin Failure to Yield course is 2 hours (state-mandated). General traffic school for ticket dismissal is typically 4 hours, depending on the court's re"…
    dropped q: "How long is Wisconsin traffic school?"
    dropped a (first 160 chars): "Wisconsin requires a minimum of 6 hours for a state-approved defensive driving course. Online and in-person formats both qualify at this length."

========================================================================
=== Mississippi (8 entries → after dedupe: 7) ===
========================================================================
Source keys: "mississippi"=8

Final JSON (will be written verbatim — single line on apply):
[
  {
    "q": "Does Mississippi traffic school dismiss my ticket?",
    "a": "Yes. With court permission, completing a 6-hour Mississippi DPS-approved defensive driving course can dismiss one violation from your driving record. Mississippi has no point system, but violations affect your record and insurance rates. You must have been ticket-free for 3 years prior to be eligible."
  },
  {
    "q": "Can I do Mississippi defensive driving online?",
    "a": "Yes. Online defensive driving courses are accepted by most Mississippi courts for ticket dismissal. Confirm with your specific court before enrolling, as some courts may require in-person attendance."
  },
  {
    "q": "Who submits my certificate in Mississippi?",
    "a": "Driver submits. You receive your certificate from the provider and must deliver it to the clerk of court before the date listed on your ticket. Some courts also require a signed affidavit confirming you have been ticket-free for 3 years."
  },
  {
    "q": "How long is Mississippi defensive driving?",
    "a": "The Mississippi defensive driving course for ticket dismissal is 6 hours. A shorter 1-hour course is also available for insurance discount purposes only."
  },
  {
    "q": "How often can I do Mississippi defensive driving?",
    "a": "Once every 3 years. You must also have been ticket-free for the 3 years prior to the new violation to be eligible. An affidavit confirming this must be submitted to the court."
  },
  {
    "q": "How long is Mississippi traffic school?",
    "a": "Mississippi requires a minimum of 6 hours for a state-approved defensive driving course. Both online and in-person formats qualify at this length."
  },
  {
    "q": "Can I do Mississippi traffic school online?",
    "a": "Yes. Online defensive driving courses are approved in Mississippi. Drivers can complete their course entirely online from home through a state-approved provider."
  }
]

Dropped 1 entry (exact-question dedupe):

  DROPPED → matched kept entry #1:
    kept    q: "Does Mississippi traffic school dismiss my ticket?"
    kept    a (first 160 chars): "Yes. With court permission, completing a 6-hour Mississippi DPS-approved defensive driving course can dismiss one violation from your driving record. Mississipp"…
    dropped q: "Does Mississippi traffic school dismiss my ticket?"
    dropped a (first 160 chars): "Yes, at the court's discretion. Mississippi judges may allow ticket dismissal for minor moving violations if you complete an approved defensive driving course. "…

========================================================================
=== Virginia (8 entries → after dedupe: 8) ===
========================================================================
Source keys: "virginia"=8

Final JSON (will be written verbatim — single line on apply):
[
  {
    "q": "Does Virginia driver improvement dismiss my ticket?",
    "a": "No. Virginia's Driver Improvement Clinic (DIC) reduces demerit points by 5 points and earns a mandatory insurance discount — but it does not dismiss the ticket or remove the underlying conviction."
  },
  {
    "q": "Who submits my certificate in Virginia?",
    "a": "Your school submits completion to the Virginia DMV, which processes the 5-point reduction automatically. You submit the certificate to your insurance company separately to receive the discount."
  },
  {
    "q": "How long is Virginia driver improvement?",
    "a": "Virginia Driver Improvement Clinic (DIC) courses are 8 hours."
  },
  {
    "q": "Can I do Virginia driver improvement online?",
    "a": "Yes. Virginia DMV-approved online Driver Improvement Clinics are accepted statewide."
  },
  {
    "q": "How often can I do Virginia driver improvement?",
    "a": "Once every 12 months for the demerit point reduction benefit. The auto insurance discount typically lasts 3 years from the date of completion."
  },
  {
    "q": "How long is Virginia traffic school?",
    "a": "Virginia requires 8 hours for a DMV-approved driver improvement course. This is one of the longer requirements in the Southeast, but the course earns you both potential ticket dismissal under deferred disposition and +5 safe driver points on your record."
  },
  {
    "q": "Can I do Virginia traffic school online?",
    "a": "Yes. Virginia DMV-approved online driver improvement courses are available statewide. You can complete the full 8-hour course online at your own pace."
  },
  {
    "q": "Does Virginia traffic school dismiss my ticket?",
    "a": "Yes. Virginia courts may offer deferred disposition, allowing ticket dismissal if you complete a DMV-approved driver improvement course. Additionally, completing the course earns +5 positive safe driver points on your Virginia driving record."
  }
]

========================================================================
=== Missouri (7 entries → after dedupe: 6) ===
========================================================================
Source keys: "missouri"=7

Final JSON (will be written verbatim — single line on apply):
[
  {
    "q": "Does Missouri traffic school dismiss my ticket?",
    "a": "Missouri DIP does not dismiss the ticket or erase the conviction. It prevents points from being assessed on your record. The conviction remains visible. You must appear in court or contact the Fine Collection Center (FCC) to get approval first."
  },
  {
    "q": "How long is Missouri driver improvement?",
    "a": "The Missouri DIP is 8 hours. This applies to all formats — online and classroom."
  },
  {
    "q": "Can I do Missouri driver improvement online?",
    "a": "Yes. Missouri DIP courses are available fully online and are accepted by courts and the FCC."
  },
  {
    "q": "How often can I do Missouri driver improvement?",
    "a": "You may only take a Missouri DIP for point reduction once every 36 months (3 years)."
  },
  {
    "q": "Who submits my certificate in Missouri?",
    "a": "Driver submits. You receive Missouri DOR Form 4444 from your provider after completion. You must take it to the court for the clerk's signature, then mail it to the Department of Revenue within 15 days of completion."
  },
  {
    "q": "Can I do Missouri traffic school online?",
    "a": "Yes. Online defensive driving courses are approved in Missouri. Drivers can complete their course entirely online. The benefit masks the violation from your insurance record for 3 years."
  }
]

Dropped 1 entry (exact-question dedupe):

  DROPPED → matched kept entry #1:
    kept    q: "Does Missouri traffic school dismiss my ticket?"
    kept    a (first 160 chars): "Missouri DIP does not dismiss the ticket or erase the conviction. It prevents points from being assessed on your record. The conviction remains visible. You mus"…
    dropped q: "Does Missouri traffic school dismiss my ticket?"
    dropped a (first 160 chars): "Yes, with caveats. Missouri doesn’t technically “dismiss” your ticket — the conviction remains on your record. However, completing a state-approved defensive dr"…

========================================================================
=== Ohio (6 entries → after dedupe: 4) ===
========================================================================
Source keys: "ohio"=6

Final JSON (will be written verbatim — single line on apply):
[
  {
    "q": "Does Ohio traffic school dismiss my ticket?",
    "a": "Ohio ticket dismissal depends entirely on the individual court. Some Ohio courts offer formal diversion programmes where completing a BMV-approved 8-hour Driver Safety Program leads to full ticket dismissal. Other courts use the course only for point prevention — preventing points from being applied rather than dismissing the ticket. The BMV's statewide DSP programme itself does not guarantee dismissal. Always contact your specific court before enrolling to confirm what benefit is available in your jurisdiction."
  },
  {
    "q": "How often can I do Ohio traffic school?",
    "a": "Once every 3 years for the point-reduction benefit."
  },
  {
    "q": "How long is Ohio traffic school?",
    "a": "Ohio BMV-approved Driver Safety Program (DSP) courses are a minimum of 8 hours in length."
  },
  {
    "q": "Can I do Ohio traffic school online?",
    "a": "Yes. Ohio BMV-approved online DSP courses are accepted statewide."
  }
]

Dropped 2 entries (exact-question dedupe):

  DROPPED → matched kept entry #4:
    kept    q: "Can I do Ohio traffic school online?"
    kept    a (first 160 chars): "Yes. Ohio BMV-approved online DSP courses are accepted statewide."
    dropped q: "Can I do Ohio traffic school online?"
    dropped a (first 160 chars): "Yes. Ohio BMV-approved online defensive driving courses are available statewide. You can complete your course entirely online from home."

  DROPPED → matched kept entry #1:
    kept    q: "Does Ohio traffic school dismiss my ticket?"
    kept    a (first 160 chars): "Ohio ticket dismissal depends entirely on the individual court. Some Ohio courts offer formal diversion programmes where completing a BMV-approved 8-hour Driver"…
    dropped q: "Does Ohio traffic school dismiss my ticket?"
    dropped a (first 160 chars): "Ohio ticket dismissal depends entirely on the individual court. Some Ohio courts offer formal diversion programmes where completing a BMV-approved 8-hour Driver"…

========================================================================
=== Nebraska (5 entries → after dedupe: 5) ===
========================================================================
Source keys: "nebraska"=5

Final JSON (will be written verbatim — single line on apply):
[
  {
    "q": "Does Nebraska defensive driving dismiss my ticket?",
    "a": "Nebraska has two courses. The STOP course (4 hrs) allows court-by-court ticket dismissal — no points are assessed and fines are avoided. The Smart Driver course (8 hrs) provides a 2-point credit for voluntary point reduction. They serve different purposes."
  },
  {
    "q": "How long is Nebraska defensive driving?",
    "a": "The STOP course for ticket dismissal is 4 hours. The Smart Driver course for point reduction is 8 hours and must be completed in person at a certified driving school."
  },
  {
    "q": "Can I do Nebraska defensive driving online?",
    "a": "Online is accepted for the STOP course (ticket dismissal). The 8-hour Smart Driver point reduction course must be completed in person at a Nebraska DMV-certified school."
  },
  {
    "q": "How often can I do Nebraska defensive driving?",
    "a": "STOP course (ticket dismissal): once every 3 years. Must register within 12 days of receiving the ticket and complete the course at least 7 days before your court date. Smart Driver (point reduction): once every 5 years."
  },
  {
    "q": "Who submits my certificate in Nebraska?",
    "a": "For the STOP course: your provider submits completion to the Nebraska DMV electronically on your behalf. For the Smart Driver point reduction course: the certified school notifies the DMV upon completion."
  }
]

========================================================================
=== Texas (5 entries → after dedupe: 5) ===
========================================================================
Source keys: "texas"=5

Final JSON (will be written verbatim — single line on apply):
[
  {
    "q": "How often can I use Texas defensive driving for ticket dismissal?",
    "a": "Once per 12 months. You cannot use defensive driving for ticket dismissal if you have already done so within the past 12 months. Additional eligibility: the violation cannot be more than 25 mph over the posted speed limit."
  },
  {
    "q": "Can I do Texas defensive driving online?",
    "a": "Yes. TDLR-approved online defensive driving courses are accepted by all Texas county courts. Always verify your course provider is listed on the TDLR website before enrolling."
  },
  {
    "q": "Does Texas defensive driving dismiss my ticket?",
    "a": "Yes — Texas uses deferred disposition. You request it from the court, plead no contest, pay a court fee, complete a 6-hour defensive driving course within 90 days, and the ticket is dismissed entirely from your public record."
  },
  {
    "q": "How long is Texas defensive driving?",
    "a": "Texas requires exactly 6 hours — the shortest state-mandated course length in the country. The course includes 5 hours of instruction plus 1 hour of mandatory breaks."
  },
  {
    "q": "Who submits my certificate to the Texas court?",
    "a": "You do. After completing the course, you receive a certificate and must submit it — along with a copy of your Texas driving record — to the court yourself, by the deadline specified in your deferred disposition order (usually 90 days from the plea date)."
  }
]

========================================================================
=== Oklahoma (5 entries → after dedupe: 5) ===
========================================================================
Source keys: "oklahoma"=5

Final JSON (will be written verbatim — single line on apply):
[
  {
    "q": "How long is Oklahoma defensive driving?",
    "a": "Oklahoma DPS-approved defensive driving courses are 6 hours. This applies to all DPS-approved providers."
  },
  {
    "q": "How often can I do Oklahoma defensive driving?",
    "a": "The 2-point DPS reduction can be applied once every 24 months. For court-ordered ticket dismissal, the court sets its own rules."
  },
  {
    "q": "Does Oklahoma traffic school dismiss my ticket?",
    "a": "Yes. With court approval, completing an Oklahoma defensive driving course can dismiss a moving violation from your record. The course also provides a 2-point reduction on your DPS record."
  },
  {
    "q": "Who submits my certificate in Oklahoma?",
    "a": "For Oklahoma City Court, Cleveland Municipal, and Jones Municipal: provider sends certificate to court within 24 hours. For all other courts: certificate is mailed to driver, who must then submit it to the court."
  },
  {
    "q": "Can I do Oklahoma defensive driving online?",
    "a": "Yes. Online courses are accepted by Oklahoma courts for ticket dismissal. Note: online courses do not qualify for the DPS 2-point reduction — only in-person classroom courses qualify for that benefit."
  }
]

========================================================================
=== Kansas (5 entries → after dedupe: 5) ===
========================================================================
Source keys: "kansas"=5

Final JSON (will be written verbatim — single line on apply):
[
  {
    "q": "Does Kansas traffic school dismiss my ticket?",
    "a": "Kansas has no statewide ticket dismissal program. Dismissal is handled court-by-court via a diversion program. Eligibility depends on your specific court, your violation, and your driving history. Check with your court before enrolling."
  },
  {
    "q": "Who submits my certificate in Kansas?",
    "a": "You submit your completion certificate to the court yourself. Your provider emails or mails you the certificate after you complete the course. Submission method is determined by your specific court."
  },
  {
    "q": "How often can I do Kansas defensive driving?",
    "a": "For the mandatory insurance discount, you may take a course once every 3 years. For ticket dismissal via diversion, frequency is determined by your individual court — there is no statewide rule."
  },
  {
    "q": "Can I do Kansas defensive driving online?",
    "a": "Yes. Kansas defensive driving courses are available fully online. Online courses are accepted by courts for diversion and by insurers for the mandatory discount."
  },
  {
    "q": "How long is Kansas defensive driving?",
    "a": "Kansas defensive driving courses are a minimum of 4 hours. This applies to all formats — online, classroom, and video."
  }
]

========================================================================
=== California (5 entries → after dedupe: 5) ===
========================================================================
Source keys: "california"=5

Final JSON (will be written verbatim — single line on apply):
[
  {
    "q": "Who submits my certificate to the California court?",
    "a": "Your school submits the certificate electronically to the DMV and court on your behalf. You do not need to mail anything — but confirm the school offers electronic submission before enrolling, as some older schools still require you to handle it yourself."
  },
  {
    "q": "How often can I do California traffic school?",
    "a": "Once every 18 months. The 18-month period is calculated from the date of the violation for which you last used traffic school, not the completion date. If you receive another eligible ticket within 18 months, you cannot use traffic school for that ticket."
  },
  {
    "q": "Can I complete California traffic school online?",
    "a": "Yes. California courts accept DMV-licensed online traffic schools. You must confirm your specific court has granted permission to attend traffic school before enrolling — not all violations or courts automatically qualify."
  },
  {
    "q": "Does California traffic school erase my ticket?",
    "a": "No — California traffic school masks your ticket, it does not erase it. The conviction is held confidential from insurers and the public, but it remains on your internal DMV record. You still pay the full court fine before enrolling."
  },
  {
    "q": "How long is California traffic school?",
    "a": "California requires a minimum of 8 hours of instruction. Most online courses are self-paced and can be completed in a single sitting or spread across multiple sessions."
  }
]

========================================================================
=== Arizona (5 entries → after dedupe: 5) ===
========================================================================
Source keys: "arizona"=5

Final JSON (will be written verbatim — single line on apply):
[
  {
    "q": "Who submits my certificate in Arizona?",
    "a": "You submit the certificate to the court yourself after completing the course. Keep a copy of your certificate for your records."
  },
  {
    "q": "Does Arizona defensive driving dismiss my ticket?",
    "a": "Yes — Arizona's Defensive Driving School (DDS) program results in full dismissal of the ticket and prevents any points from being assessed to your record. It is one of the most complete dismissal programs in the country."
  },
  {
    "q": "How often can I do Arizona defensive driving?",
    "a": "Once every 24 months. You are not eligible if you completed an Arizona defensive driving program within the past 24 months, or if your citation is for an offense that makes you ineligible (e.g. DUI, excessive speeding, CDL holder on duty)."
  },
  {
    "q": "How long is Arizona defensive driving?",
    "a": "The course is 8 hours, which can be completed online at your own pace."
  },
  {
    "q": "Can I do Arizona defensive driving online?",
    "a": "Yes. Arizona Supreme Court-approved online defensive driving courses are accepted statewide. Verify your course provider is listed on the Arizona Supreme Court website before enrolling."
  }
]

========================================================================
=== Wyoming (5 entries → after dedupe: 5) ===
========================================================================
Source keys: "wyoming"=5
SKIP: existing State FAQ value (2675 chars) — leaving untouched

Final JSON (will be written verbatim — single line on apply):
[
  {
    "q": "Does Wyoming defensive driving dismiss my ticket?",
    "a": "Yes. Most Wyoming courts allow ticket dismissal with a court-approved defensive driving course for minor moving violations. Wyoming has no formal statewide point system. Court permission must be obtained before enrolling."
  },
  {
    "q": "How long is Wyoming defensive driving?",
    "a": "Wyoming defensive driving courses are typically 4 to 6 hours. Wyoming does not set a statewide mandatory minimum; course length is set by the approved provider and court."
  },
  {
    "q": "Who submits my certificate in Wyoming?",
    "a": "Driver submits. You receive a completion certificate from your provider (by download or email) and must submit it to your court before the deadline given at the time of approval."
  },
  {
    "q": "How often can I do Wyoming defensive driving?",
    "a": "Wyoming has no statewide cooldown period. Each court sets its own rules on how frequently ticket dismissal via defensive driving is available."
  },
  {
    "q": "Can I do Wyoming defensive driving online?",
    "a": "Yes. Online defensive driving courses are accepted by most Wyoming courts for ticket dismissal. Confirm with your specific court before enrolling, as acceptance varies by jurisdiction."
  }
]

========================================================================
=== Illinois (5 entries → after dedupe: 5) ===
========================================================================
Source keys: "illinois"=5

Final JSON (will be written verbatim — single line on apply):
[
  {
    "q": "Can I do Illinois traffic school online?",
    "a": "Yes. Illinois Secretary of State-approved online IDSS courses are accepted statewide."
  },
  {
    "q": "How often can I do Illinois traffic school?",
    "a": "Once every 12 months for the point-reduction benefit."
  },
  {
    "q": "How long is Illinois traffic school?",
    "a": "The Illinois Driver Safety School (IDSS) course is a minimum of 4 hours."
  },
  {
    "q": "Does Illinois traffic school dismiss my ticket?",
    "a": "Illinois does not offer ticket dismissal through traffic school. A Secretary of State-approved defensive driving course (IDSS) reduces your active points by up to 3 and may provide an auto insurance discount."
  },
  {
    "q": "Who submits my certificate in Illinois?",
    "a": "Your school reports your completion to the Illinois Secretary of State's office, which processes the point reduction automatically."
  }
]

========================================================================
=== Florida (5 entries → after dedupe: 5) ===
========================================================================
Source keys: "florida"=5

Final JSON (will be written verbatim — single line on apply):
[
  {
    "q": "Who submits my certificate to the Florida court?",
    "a": "Your school submits the certificate electronically to the Florida DHSMV within 5 days of your completion, and to the court within 3 days after that. You do not need to mail anything yourself — but check with your school to confirm they handle electronic submission."
  },
  {
    "q": "Does Florida traffic school dismiss my ticket?",
    "a": "Florida withholds adjudication rather than dismissing the ticket outright. Completing BDI means no points are added to your record and your insurer is not notified of the violation, but the citation itself remains as a withheld adjudication."
  },
  {
    "q": "Can I do Florida traffic school online?",
    "a": "Yes. DHSMV-approved online BDI courses are accepted by all Florida courts. You must elect traffic school within 30 days of the citation date — do not pay the ticket before electing traffic school or you may waive your right to attend."
  },
  {
    "q": "How long is Florida traffic school?",
    "a": "The standard Basic Driver Improvement (BDI) course for minor violations is 4 hours. An 8-hour Advanced Driver Improvement (ADI) course is required for repeat offenders or license reinstatement cases. A 12-hour ADI is used for habitual offenders."
  },
  {
    "q": "How often can I elect Florida BDI?",
    "a": "Once per 12 months, and no more than 5 times in your lifetime. Florida law allows you to elect BDI once within any 12-month period for eligible violations."
  }
]


========================================================================
=== SUMMARY ===
========================================================================

State              | Legacy | Final | Dropped | Action
-------------------+--------+-------+---------+--------
Michigan           |     12 |    10 |       2 | (would write)
Indiana            |     10 |     8 |       2 | (would write)
Colorado           |     10 |     9 |       1 | (would write)
New York           |      9 |     9 |       0 | (would write)
Washington         |      9 |     8 |       1 | (would write)
Georgia            |      9 |     8 |       1 | (would write)
Tennessee          |      8 |     5 |       3 | (would write)
Louisiana          |      8 |     7 |       1 | (would write)
Wisconsin          |      8 |     5 |       3 | (would write)
Mississippi        |      8 |     7 |       1 | (would write)
Virginia           |      8 |     8 |       0 | (would write)
Missouri           |      7 |     6 |       1 | (would write)
Ohio               |      6 |     4 |       2 | (would write)
Nebraska           |      5 |     5 |       0 | (would write)
Texas              |      5 |     5 |       0 | (would write)
Oklahoma           |      5 |     5 |       0 | (would write)
Kansas             |      5 |     5 |       0 | (would write)
California         |      5 |     5 |       0 | (would write)
Arizona            |      5 |     5 |       0 | (would write)
Wyoming            |      5 |     5 |       0 | SKIP
Illinois           |      5 |     5 |       0 | (would write)
Florida            |      5 |     5 |       0 | (would write)

Dry run complete. No writes performed.
Review the output above. To apply, re-run with --apply.
